KCPSM6 Assembler log file for program 'C:\Users\Ofogh Rayaneh\Desktop\picoblaze-master\mul.psm'.
Generated by KCPSM6 version v2.70
Ken Chapman - Xilinx Ltd - 16th May 2014

Assembly datestamp: 01 Jun 2019
Assembly timestamp: 08:46:21

Contents
  Assembly listing
  List of PSM files
  List of CONSTANTs
  List of TABLEs
  List of STRINGs
  List of line labels
  Instruction usage statistics


Last occupied address: 005 hex
Nominal program memory size: 1K (1024)   address(9:0)
Actual memory size: 4096
  (Default memory size)
Occupied memory locations: 6
Memory locations available: 4090


Assembly listing

 Addr Code          Instruction

 000                ;input_port1= a , input_port2= b ,  input_port3= c , input_port4 =d , output_port5= result
 000                CONSTANT INPUT_PORT1, 01
 000                CONSTANT INPUT_PORT2, 02
 000                CONSTANT INPUT_PORT3, 03
 000                CONSTANT INPUT_PORT4, 04
 000                CONSTANT OUTPUT_PORT5, 05
 000         start: 
 000  09001         INPUT s0, 01[INPUT_PORT1]
 001  09102         INPUT s1, 02[INPUT_PORT2]
 002  10010         ADD s0, s1
 003  00C00         LOAD sC, s0
 004  2DC05         OUTPUT sC, 05[OUTPUT_PORT5]
 005  22000         JUMP 000[start]


All unused memory locations contain zero (equivalent to 'LOAD s0, s0')



List of PSM files that have been assembled

C:\Users\Ofogh Rayaneh\Desktop\picoblaze-master\mul.psm



List of defined constants

 CONSTANT name     Value        Source PSM File

 timestamp_hours   08'd         
 timestamp_minutes 46'd         
 timestamp_seconds 21'd         
 datestamp_year    19'd         
 datestamp_month   6'd          
 datestamp_day     01'd         
 NUL               00           
 BEL               07           
 BS                08           
 HT                09           
 LF                0A           
 VT                0B           
 CR                0D           
 ESC               1B           
 DEL               7F           
 DCS               90           
 ST                9C           
 INPUT_PORT1       01           mul.psm
 INPUT_PORT2       02           mul.psm
 INPUT_PORT3       03           mul.psm
 INPUT_PORT4       04           mul.psm
 OUTPUT_PORT5      05           mul.psm



No TABLEs defined



List of text strings

 STRING name       String         Source PSM File

 KCPSM6_version$   "v2.70"        
 datestamp$        "01 Jun 2019"  
 timestamp$        "08:46:21"     



List of line labels

   Label    Addr  Source PSM File

   start    000   mul.psm



Instruction usage statistics

 Instruction    Instances

 LOAD              1
 STAR              -

 AND               -
 OR                -
 XOR               -

 ADD               1
 ADDCY             -
 SUB               -
 SUBCY             -

 TEST              -
 TESTCY            -
 COMPARE           -
 COMPARECY         -

 SL0               -
 SL1               -
 SLX               -
 SLA               -
 RL                -
 SR0               -
 SR1               -
 SRX               -
 SRA               -
 RR                -

 REGBANK           -

 INPUT             2
 OUTPUT            1
 OUTPUTK           -

 STORE             -
 FETCH             -

 DISABLE           -
 ENABLE            -
 RETURNI           -

 JUMP              1
 JUMP@             -
 CALL              -
 CALL@             -
 RETURN            -
 LOAD&RETURN       -

 HWBUILD           -



End of KCPSM6 log file.
